❌ No se pudo crear la marca 62 para producto DISCO EXTERNO 4TB WD BLACK P10 GAME DRIVE PC XBOX PS5 HDD USB
❌ No se pudo crear la marca 1273 para producto DASHCAM TRANSCEND DRIVEPRO 550 GPS QHD 2K 60FPS +SD64GB
❌ No se pudo crear la marca 36 para producto DISCO SSD PATRIOT P220 1TB 2.5 SATA3 PS001664
❌ No se pudo crear la marca 36 para producto DISCO SSD PATRIOT P210 SOLID 512GB SATA3
❌ No se pudo crear la marca 241 para producto GIGASET TELEFONO INALAMBRICO A270A AM BLACK
❌ No se pudo crear la marca 241 para producto GIGASET TELEFONO INALAMBRICO A270 BLACK
❌ No se pudo crear la marca 241 para producto GIGASET TELEFONO INALAMBRICO A170 DUO BLACK
❌ No se pudo crear la marca 241 para producto GIGASET TELEFONO INALAMBRICO A170 BLACK
❌ No se pudo crear la marca 156 para producto MICRO SDXC 256GB SANDISK ULTRA C/ADAP-SD
❌ No se pudo crear la marca 156 para producto MICRO SDXC 256GB SANDISK EXTREME UHS-I A2 C/ADAP-SD
❌ No se pudo crear la marca 156 para producto MICRO SDXC 512GB SANDISK EXTREME UHS-I A2 C/ADAP-SD
❌ No se pudo crear la marca 87 para producto MONITOR NOBLEX 22 FHD VA ANTIRREFLEJO ADAPTATIVE SM2200
❌ No se pudo crear la marca 87 para producto MONITOR NOBLEX 25 FHD VA ADAPTIVE SYNC SM2500
❌ No se pudo crear la marca 87 para producto MONITOR NOBLEX 27 FHD ANTIGLARE NXSM2700
❌ No se pudo crear la marca 12 para producto OUTLET MEMORIA GENERICA DDR2 1GB 800 MHZ
❌ No se pudo crear la marca 12 para producto OUTLET MEMORIA NOVATECH DDR3 2GB 1333 MHBOX
❌ No se pudo crear la marca 12 para producto OUTLET MEMORIA GENERICA DDR2 1GB 667
❌ No se pudo crear la marca 12 para producto OUTLET MEMORIA GENERICA DDR 1GB
❌ No se pudo crear la marca 12 para producto OUTLET MEMORIA GENERICA DDR3 2GB 1600
❌ No se pudo crear la marca 20 para producto OUTLET PLACA DE VIDEO SAPPHIRE RADEON RX 460 2 GB OC DDR5
❌ No se pudo crear la marca 1268 para producto OXXEN T3000UM CONTADORA Y CLASIFICADORA DE BILLETES UNA BANDEJA 2 SENSORES
❌ No se pudo crear la marca 1268 para producto OXXEN B1040UM CONTADORA DE BILLETES
❌ No se pudo crear la marca 1268 para producto OXXEN CL-T3030UM CONTADORA Y CLASIFICADORA DE BILLETES DOS BANDEJAS 2 SENSORES
❌ No se pudo crear la marca 104 para producto PLACA DE VIDEO ZOTAC GTX 1630 4GB GDDR6 ULTRA COMPACT
❌ No se pudo crear la marca 104 para producto PLACA DE VIDEO ZOTAC GAMING RTX 4060 8GB SOLO
❌ No se pudo crear la marca 135 para producto SMARTLIFE HORNO ELECTRICO 40LTS
❌ No se pudo crear la marca 135 para producto SMARTLIFE TOSTADORA SL-TO1301W
❌ No se pudo crear la marca 135 para producto SMARTLIFE BATIDORA DE PIE SL-HMR5035IXPN
❌ No se pudo crear la marca 135 para producto SMARTLIFE CAFETERA DE FILTRO SL-CM9402
❌ No se pudo crear la marca 226 para producto TABLET SMART KASSEL 7 1GB 3401
❌ No se pudo crear la marca 226 para producto TABLET SMART KASSEL 10.1 IPS 2GB